Arguments: 
  C:\Program Files\nodejs\node.exe C:\Program Files\nodejs\node_modules\yarn\bin\yarn.js

PATH: 
  C:\WINDOWS\system32;C:\WINDOWS;C:\WINDOWS\System32\Wbem;C:\WINDOWS\System32\WindowsPowerShell\v1.0\;C:\WINDOWS\System32\OpenSSH\;C:\Program Files\Intel\WiFi\bin\;C:\Program Files\Common Files\Intel\WirelessCommon\;C:\Program Files\dotnet\;C:\Program Files (x86)\Microsoft SQL Server\150\DTS\Binn\;C:\Program Files\Azure Data Studio\bin;C:\Users\dschurman\AppData\Roaming\nvm;C:\Program Files\nodejs;C:\Users\dschurman\AppData\Local\Microsoft\WindowsApps;C:\Users\dschurman\AppData\Local\Programs\Microsoft VS Code\bin;C:\Users\dschurman\AppData\Local\Programs\Git\cmd;C:\Users\dschurman\AppData\Roaming\nvm;C:\Program Files\nodejs;C:\Users\dschurman\.dotnet\tools

Yarn version: 
  1.22.17

Node version: 
  17.3.0

Platform: 
  win32 x64

Trace: 
  Error: https://registry.yarnpkg.com/@mui/icons-material/-/icons-material-5.0.3.tgz: ESOCKETTIMEDOUT
      at ClientRequest.<anonymous> (C:\Users\dschurman\AppData\Roaming\nvm\v17.3.0\node_modules\yarn\lib\cli.js:141510:19)
      at Object.onceWrapper (node:events:509:28)
      at ClientRequest.emit (node:events:390:28)
      at TLSSocket.emitRequestTimeout (node:_http_client:758:9)
      at Object.onceWrapper (node:events:509:28)
      at TLSSocket.emit (node:events:402:35)
      at TLSSocket.Socket._onTimeout (node:net:501:8)
      at listOnTimeout (node:internal/timers:568:17)
      at processTimers (node:internal/timers:510:7)

npm manifest: 
  {
    "name": "ordersweb",
    "version": "1.0.0",
    "description": "order project app",
    "main": "index.tsx",
    "scripts": {
      "test": "echo \"Error: no test specified\" && exit 1",
      "prod:webpack": "webpack --mode production",
      "dev:start": "webpack --mode development -w",
      "regen": "cd src/data && ./regen.sh",
      "regen:manual": "cd ./src/data/src && openapi-generator-cli generate -i http://localhost:5000/swagger/v1/swagger.json --skip-validate-spec --generator-name typescript-fetch --type-mappings DateTimeOffset=string --additional-properties=typescriptThreePlus=true -o ./"
    },
    "author": "",
    "license": "MIT",
    "devDependencies": {
      "@babel/core": "7.9.0",
      "@babel/node": "7.8.7",
      "@babel/plugin-transform-runtime": "^7.15.0",
      "@babel/preset-env": "7.9.0",
      "@babel/preset-react": "7.9.4",
      "@openapitools/openapi-generator-cli": "^2.4.4",
      "@types/react": "^16.9.25",
      "@types/react-dom": "^16.9.5",
      "babel-eslint": "^10.0.2",
      "babel-loader": "8.1.0",
      "copy-webpack-plugin": "9.1.0",
      "html-webpack-plugin": "5.3.2",
      "source-map-loader": "3.0.0",
      "ts-loader": "9.2.6",
      "typescript": "^4.5.4",
      "webpack": "5.58.0",
      "webpack-cli": "4.9.0",
      "whatwg-fetch": "^3.0.0"
    },
    "dependencies": {
      "@babel/polyfill": "^7.6.0",
      "@babel/runtime": "^7.15.4",
      "@date-io/date-fns": "^1.3.13",
      "@emotion/react": "^11.4.1",
      "@emotion/styled": "^11.3.0",
      "@material-ui/core": "4.9.5",
      "@material-ui/icons": "4.9.1",
      "@material-ui/pickers": "^3.2.10",
      "@mui/icons-material": "5.0.3",
      "@mui/lab": "5.0.0-alpha.51",
      "@mui/material": "^5.0.0",
      "@mui/styles": "5.0.1",
      "@mui/x-data-grid": "latest",
      "@types/react-router-dom": "^5.1.9",
      "@types/whatwg-fetch": "^0.0.33",
      "axios": "^0.19.2",
      "date-fns": "^2.11.0",
      "debounce": "^1.2.1",
      "es6-object-assign": "^1.1.0",
      "es6-promise": "4.2.8",
      "git": "^0.1.5",
      "jwt-decode": "3.1.2",
      "lodash": "^4.17.21",
      "moment": "^2.29.1",
      "react": "^16.13.1",
      "react-dom": "^16.13.1",
      "react-query": "^3.24.3",
      "react-router": "^5.1.2",
      "react-router-dom": "^6.2.1",
      "recharts": "^2.1.6",
      "regenerator-runtime": "^0.13.9",
      "use-debounce": "^7.0.1"
    }
  }

yarn manifest: 
  No manifest

Lockfile: 
  No lockfile
